[19Jun2025 17:34:45.098] [main/INFO] [cpw.mods.modlauncher.Launcher/MODLAUNCHER]: ModLauncher running: args [--launchTarget, forgeclientdev, --version, 21.1.180, --assetIndex, 17, --assetsDir, C:\\Users\\intro\\.gradle\\caches\\neoformruntime\\assets, --gameDir, ., --fml.fmlVersion, 4.0.39, --fml.mcVersion, 1.21.1, --fml.neoForgeVersion, 21.1.180, --fml.neoFormVersion, 20240808.144430]
[19Jun2025 17:34:45.100] [main/INFO] [cpw.mods.modlauncher.Launcher/MODLAUNCHER]: JVM identified as Eclipse Adoptium OpenJDK 64-Bit Server VM 21.0.7+6-LTS
[19Jun2025 17:34:45.101] [main/INFO] [cpw.mods.modlauncher.Launcher/MODLAUNCHER]: ModLauncher 11.0.5+main.901c6ea8 starting: java version 21.0.7 by Eclipse Adoptium; OS Windows 11 arch amd64 version 10.0
[19Jun2025 17:34:45.243] [main/INFO] [net.neoforged.fml.loading.ImmediateWindowHandler/]: Loading ImmediateWindowProvider fmlearlywindow
[19Jun2025 17:34:45.412] [main/INFO] [EARLYDISPLAY/]: Trying GL version 4.6
[19Jun2025 17:34:45.572] [main/INFO] [EARLYDISPLAY/]: Requested GL version 4.6 got version 4.6
[19Jun2025 17:34:45.693] [main/INFO] [mixin/]: SpongePowered MIXIN Subsystem Version=0.8.7 Source=union:/C:/Users/intro/.gradle/caches/modules-2/files-2.1/net.fabricmc/sponge-mixin/0.15.2+mixin.0.8.7/2af2f021d8e02a0220dc27a7a72b4666d66d44ca/sponge-mixin-0.15.2+mixin.0.8.7.jar%23138!/ Service=ModLauncher Env=CLIENT
[19Jun2025 17:34:45.873] [pool-2-thread-1/INFO] [EARLYDISPLAY/]: GL info: NVIDIA GeForce RTX 3070/PCIe/SSE2 GL version 4.6.0 NVIDIA 572.83, NVIDIA Corporation
[19Jun2025 17:34:46.188] [main/INFO] [net.neoforged.fml.loading.moddiscovery.locators.JarInJarDependencyLocator/]: Found 2 dependencies adding them to mods collection
[19Jun2025 17:34:46.192] [main/INFO] [net.neoforged.fml.loading.moddiscovery.ModDiscoverer/]: 
     Mod List:
		Name Version (Mod Id)

		Foxified Citadel 0.0-INIT (foxified_citadel)
		Minecraft 1.21.1 (minecraft)
		NeoForge 21.1.180 (neoforge)
[19Jun2025 17:34:47.247] [main/INFO] [mixin/]: Compatibility level set to JAVA_21
[19Jun2025 17:34:47.256] [main/INFO] [cpw.mods.modlauncher.LaunchServiceHandler/MODLAUNCHER]: Launching target 'forgeclientdev' with arguments [--version, 21.1.180, --gameDir, ., --assetsDir, C:\Users\intro\.gradle\caches\neoformruntime\assets, --assetIndex, 17]
[19Jun2025 17:34:47.376] [main/WARN] [mixin/]: Reference map 'foxified_citadel.refmap.json' for foxified_citadel.mixins.json could not be read. If this is a development environment you can ignore this message
[19Jun2025 17:34:49.887] [Datafixer Bootstrap/INFO] [com.mojang.datafixers.DataFixerBuilder/]: 229 Datafixer optimizations took 401 milliseconds
[19Jun2025 17:34:50.268] [pool-7-thread-1/INFO] [MixinExtras|Service/]: Initializing MixinExtras via com.llamalad7.mixinextras.service.MixinExtrasServiceImpl(version=0.4.1).
[19Jun2025 17:34:57.841] [main/WARN] [net.minecraft.commands.Commands/]: Ambiguity between arguments [teleport, location] and [teleport, destination] with inputs: [0.1 -0.5 .9, 0 0 0]
[19Jun2025 17:34:57.843] [main/WARN] [net.minecraft.commands.Commands/]: Ambiguity between arguments [teleport, location] and [teleport, targets] with inputs: [0.1 -0.5 .9, 0 0 0]
[19Jun2025 17:34:57.847] [main/WARN] [net.minecraft.commands.Commands/]: Ambiguity between arguments [teleport, destination] and [teleport, targets] with inputs: [Player, 0123, @e, dd12be42-52a9-4a91-a8a1-11c01849e498]
[19Jun2025 17:34:57.848] [main/WARN] [net.minecraft.commands.Commands/]: Ambiguity between arguments [teleport, targets] and [teleport, destination] with inputs: [Player, 0123, dd12be42-52a9-4a91-a8a1-11c01849e498]
[19Jun2025 17:34:57.850] [main/WARN] [net.minecraft.commands.Commands/]: Ambiguity between arguments [teleport, targets, location] and [teleport, targets, destination] with inputs: [0.1 -0.5 .9, 0 0 0]
[19Jun2025 17:34:58.068] [Render thread/WARN] [net.minecraft.server.packs.VanillaPackResourcesBuilder/]: Assets URL 'union:/C:/Users/intro/OneDrive/Bureau/Repositories/Publish%20Intended%20Mods/Alex's%20Caves%20Revival%20Project/Foxified%20Citadel/Foxified%20Citadel/build/moddev/artifacts/neoforge-21.1.180.jar%23189!/assets/.mcassetsroot' uses unexpected schema
[19Jun2025 17:34:58.069] [Render thread/WARN] [net.minecraft.server.packs.VanillaPackResourcesBuilder/]: Assets URL 'union:/C:/Users/intro/OneDrive/Bureau/Repositories/Publish%20Intended%20Mods/Alex's%20Caves%20Revival%20Project/Foxified%20Citadel/Foxified%20Citadel/build/moddev/artifacts/neoforge-21.1.180.jar%23189!/data/.mcassetsroot' uses unexpected schema
[19Jun2025 17:34:58.145] [Render thread/INFO] [com.mojang.authlib.yggdrasil.YggdrasilAuthenticationService/]: Environment: Environment[sessionHost=https://sessionserver.mojang.com, servicesHost=https://api.minecraftservices.com, name=PROD]
[19Jun2025 17:34:58.157] [Render thread/INFO] [net.minecraft.client.Minecraft/]: Setting user: Dev
[19Jun2025 17:34:58.336] [Render thread/INFO] [net.minecraft.client.Minecraft/]: Backend library: LWJGL version 3.3.3+5
[19Jun2025 17:34:58.722] [modloading-worker-0/INFO] [net.neoforged.neoforge.common.NeoForgeMod/NEOFORGE-MOD]: NeoForge mod loading, version 21.1.180, for MC 1.21.1
[19Jun2025 17:34:59.543] [Render thread/INFO] [net.neoforged.neoforge.gametest.GameTestHooks/]: Enabled Gametest Namespaces: [foxified_citadel]
[19Jun2025 17:34:59.668] [Render thread/INFO] [net.minecraft.server.packs.resources.ReloadableResourceManager/]: Reloading ResourceManager: vanilla, mod_resources, mod/foxified_citadel, mod/neoforge
[19Jun2025 17:34:59.680] [Worker-Main-1/INFO] [net.mildtoucan.foxified_citadel.Foxified_citadel/]: HELLO FROM COMMON SETUP
[19Jun2025 17:34:59.681] [Worker-Main-1/INFO] [net.mildtoucan.foxified_citadel.Foxified_citadel/]: DIRT BLOCK >> minecraft:dirt
[19Jun2025 17:34:59.681] [Worker-Main-1/INFO] [net.mildtoucan.foxified_citadel.Foxified_citadel/]: The magic number is... 42
[19Jun2025 17:34:59.681] [Worker-Main-1/INFO] [net.mildtoucan.foxified_citadel.Foxified_citadel/]: ITEM >> minecraft:iron_ingot
[19Jun2025 17:34:59.881] [Worker-Main-9/INFO] [net.minecraft.client.gui.font.providers.UnihexProvider/]: Found unifont_all_no_pua-15.1.05.hex, loading
[19Jun2025 17:34:59.970] [Worker-Main-12/INFO] [net.mildtoucan.foxified_citadel.Foxified_citadel/]: HELLO FROM CLIENT SETUP
[19Jun2025 17:34:59.970] [Worker-Main-12/INFO] [net.mildtoucan.foxified_citadel.Foxified_citadel/]: MINECRAFT NAME >> Dev
[19Jun2025 17:35:00.005] [Worker-Main-13/INFO] [net.minecraft.client.gui.font.providers.UnihexProvider/]: Found unifont_jp_patch-15.1.05.hex, loading
[19Jun2025 17:35:00.676] [Worker-Main-2/WARN] [net.minecraft.client.resources.model.BlockStateModelLoader/]: Exception loading blockstate definition: 'foxified_citadel:blockstates/example_block.json' missing model for variant: 'foxified_citadel:example_block#'
[19Jun2025 17:35:00.678] [Worker-Main-2/WARN] [net.minecraft.client.resources.model.ModelBakery/]: Unable to load model: 'foxified_citadel:item/example_block' referenced from: foxified_citadel:item/example_block: java.io.FileNotFoundException: foxified_citadel:models/item/example_block.json
[19Jun2025 17:35:00.680] [Worker-Main-2/WARN] [net.minecraft.client.resources.model.ModelBakery/]: Unable to load model: 'foxified_citadel:item/example_item' referenced from: foxified_citadel:item/example_item: java.io.FileNotFoundException: foxified_citadel:models/item/example_item.json
[19Jun2025 17:35:01.630] [Render thread/WARN] [net.minecraft.client.sounds.SoundEngine/]: Missing sound for event: minecraft:item.goat_horn.play
[19Jun2025 17:35:01.630] [Render thread/WARN] [net.minecraft.client.sounds.SoundEngine/]: Missing sound for event: minecraft:entity.goat.screaming.horn_break
[19Jun2025 17:35:01.758] [Render thread/INFO] [com.mojang.blaze3d.audio.Library/]: OpenAL initialized on device OpenAL Soft on FxSound Speakers (FxSound Audio Enhancer)
[19Jun2025 17:35:01.760] [Render thread/INFO] [net.minecraft.client.sounds.SoundEngine/SOUNDS]: Sound engine started
[19Jun2025 17:35:01.854] [Render thread/INFO] [net.minecraft.client.renderer.texture.TextureAtlas/]: Created: 1024x512x4 minecraft:textures/atlas/blocks.png-atlas
[19Jun2025 17:35:01.863] [Render thread/INFO] [net.minecraft.client.renderer.texture.TextureAtlas/]: Created: 256x256x4 minecraft:textures/atlas/signs.png-atlas
[19Jun2025 17:35:01.863] [Render thread/INFO] [net.minecraft.client.renderer.texture.TextureAtlas/]: Created: 512x512x4 minecraft:textures/atlas/shield_patterns.png-atlas
[19Jun2025 17:35:01.864] [Render thread/INFO] [net.minecraft.client.renderer.texture.TextureAtlas/]: Created: 512x512x4 minecraft:textures/atlas/banner_patterns.png-atlas
[19Jun2025 17:35:01.864] [Render thread/INFO] [net.minecraft.client.renderer.texture.TextureAtlas/]: Created: 1024x1024x4 minecraft:textures/atlas/armor_trims.png-atlas
[19Jun2025 17:35:01.867] [Render thread/INFO] [net.minecraft.client.renderer.texture.TextureAtlas/]: Created: 256x256x4 minecraft:textures/atlas/chest.png-atlas
[19Jun2025 17:35:01.867] [Render thread/INFO] [net.minecraft.client.renderer.texture.TextureAtlas/]: Created: 128x64x4 minecraft:textures/atlas/decorated_pot.png-atlas
[19Jun2025 17:35:01.868] [Render thread/INFO] [net.minecraft.client.renderer.texture.TextureAtlas/]: Created: 512x256x4 minecraft:textures/atlas/beds.png-atlas
[19Jun2025 17:35:01.868] [Render thread/INFO] [net.minecraft.client.renderer.texture.TextureAtlas/]: Created: 512x256x4 minecraft:textures/atlas/shulker_boxes.png-atlas
[19Jun2025 17:35:02.108] [Render thread/INFO] [net.minecraft.client.renderer.texture.TextureAtlas/]: Created: 512x256x0 minecraft:textures/atlas/particles.png-atlas
[19Jun2025 17:35:02.112] [Render thread/INFO] [net.minecraft.client.renderer.texture.TextureAtlas/]: Created: 512x256x0 minecraft:textures/atlas/paintings.png-atlas
[19Jun2025 17:35:02.113] [Render thread/INFO] [net.minecraft.client.renderer.texture.TextureAtlas/]: Created: 256x128x0 minecraft:textures/atlas/mob_effects.png-atlas
[19Jun2025 17:35:02.113] [Render thread/INFO] [net.minecraft.client.renderer.texture.TextureAtlas/]: Created: 64x64x0 minecraft:textures/atlas/map_decorations.png-atlas
[19Jun2025 17:35:02.113] [Render thread/INFO] [net.minecraft.client.renderer.texture.TextureAtlas/]: Created: 1024x512x0 minecraft:textures/atlas/gui.png-atlas
[19Jun2025 17:35:02.140] [Render thread/WARN] [net.minecraft.client.renderer.ShaderInstance/]: Shader rendertype_entity_translucent_emissive could not find sampler named Sampler2 in the specified shader program.
[19Jun2025 17:35:02.196] [Render thread/INFO] [net.neoforged.neoforge.client.entity.animation.json.AnimationLoader/]: Loaded 0 entity animations
[19Jun2025 17:35:05.049] [Render thread/INFO] [net.minecraft.client.Minecraft/]: Stopping!
